<?xml version="1.0" encoding="UTF-8"?>
<!-- Generated by org.testng.reporters.JUnitXMLReporter -->
<testsuite ignored="0" hostname="DESKTOP-CDB6JFS" failures="0" tests="5" name="Test" time="48.385" errors="0" timestamp="2024-04-07T18:00:47 IST">
  <testcase classname="selenium.First" name="testAmazonTitle" time="4.671"/>
  <testcase classname="selenium.First" name="testCheckFooterLinks" time="12.219"/>
  <testcase classname="selenium.First" name="testCricBuzzTitle" time="3.25"/>
  <testcase classname="selenium.First" name="testGoogleTitle" time="2.37"/>
  <testcase classname="selenium.First" name="testNavigateToAboutPage" time="4.957"/>
</testsuite> <!-- Test -->
