<?xml version="1.0" encoding="UTF-8"?>
<testng-results ignored="0" total="5" passed="5" failed="0" skipped="0">
  <reporter-output>
  </reporter-output>
  <suite started-at="2024-04-07T17:59:59 IST" name="Suite" finished-at="2024-04-07T18:00:47 IST" duration-ms="48385">
    <groups>
    </groups>
    <test started-at="2024-04-07T17:59:59 IST" name="Test" finished-at="2024-04-07T18:00:47 IST" duration-ms="48385">
      <class name="selenium.First">
        <test-method is-config="true" signature="setUp()[pri:0, instance:selenium.First@78aab498]" started-at="2024-04-07T17:59:59 IST" name="setUp" finished-at="2024-04-07T18:00:05 IST" duration-ms="6066" status="PASS">
          <reporter-output>
          </reporter-output>
        </test-method> <!-- setUp -->
        <test-method signature="testAmazonTitle()[pri:0, instance:selenium.First@78aab498]" started-at="2024-04-07T18:00:05 IST" name="testAmazonTitle" finished-at="2024-04-07T18:00:09 IST" duration-ms="4671" status="PASS">
          <reporter-output>
          </reporter-output>
        </test-method> <!-- testAmazonTitle -->
        <test-method is-config="true" signature="tearDown()[pri:0, instance:selenium.First@78aab498]" started-at="2024-04-07T18:00:09 IST" name="tearDown" finished-at="2024-04-07T18:00:10 IST" duration-ms="310" status="PASS">
          <reporter-output>
          </reporter-output>
        </test-method> <!-- tearDown -->
        <test-method is-config="true" signature="setUp()[pri:0, instance:selenium.First@78aab498]" started-at="2024-04-07T18:00:10 IST" name="setUp" finished-at="2024-04-07T18:00:13 IST" duration-ms="3508" status="PASS">
          <reporter-output>
          </reporter-output>
        </test-method> <!-- setUp -->
        <test-method signature="testCheckFooterLinks()[pri:0, instance:selenium.First@78aab498]" started-at="2024-04-07T18:00:13 IST" name="testCheckFooterLinks" finished-at="2024-04-07T18:00:25 IST" duration-ms="12219" status="PASS">
          <reporter-output>
          </reporter-output>
        </test-method> <!-- testCheckFooterLinks -->
        <test-method is-config="true" signature="tearDown()[pri:0, instance:selenium.First@78aab498]" started-at="2024-04-07T18:00:25 IST" name="tearDown" finished-at="2024-04-07T18:00:26 IST" duration-ms="379" status="PASS">
          <reporter-output>
          </reporter-output>
        </test-method> <!-- tearDown -->
        <test-method is-config="true" signature="setUp()[pri:0, instance:selenium.First@78aab498]" started-at="2024-04-07T18:00:26 IST" name="setUp" finished-at="2024-04-07T18:00:30 IST" duration-ms="4286" status="PASS">
          <reporter-output>
          </reporter-output>
        </test-method> <!-- setUp -->
        <test-method signature="testCricBuzzTitle()[pri:0, instance:selenium.First@78aab498]" started-at="2024-04-07T18:00:30 IST" name="testCricBuzzTitle" finished-at="2024-04-07T18:00:33 IST" duration-ms="3250" status="PASS">
          <reporter-output>
          </reporter-output>
        </test-method> <!-- testCricBuzzTitle -->
        <test-method is-config="true" signature="tearDown()[pri:0, instance:selenium.First@78aab498]" started-at="2024-04-07T18:00:33 IST" name="tearDown" finished-at="2024-04-07T18:00:34 IST" duration-ms="273" status="PASS">
          <reporter-output>
          </reporter-output>
        </test-method> <!-- tearDown -->
        <test-method is-config="true" signature="setUp()[pri:0, instance:selenium.First@78aab498]" started-at="2024-04-07T18:00:34 IST" name="setUp" finished-at="2024-04-07T18:00:36 IST" duration-ms="2742" status="PASS">
          <reporter-output>
          </reporter-output>
        </test-method> <!-- setUp -->
        <test-method signature="testGoogleTitle()[pri:0, instance:selenium.First@78aab498]" started-at="2024-04-07T18:00:36 IST" name="testGoogleTitle" finished-at="2024-04-07T18:00:39 IST" duration-ms="2370" status="PASS">
          <reporter-output>
          </reporter-output>
        </test-method> <!-- testGoogleTitle -->
        <test-method is-config="true" signature="tearDown()[pri:0, instance:selenium.First@78aab498]" started-at="2024-04-07T18:00:39 IST" name="tearDown" finished-at="2024-04-07T18:00:39 IST" duration-ms="357" status="PASS">
          <reporter-output>
          </reporter-output>
        </test-method> <!-- tearDown -->
        <test-method is-config="true" signature="setUp()[pri:0, instance:selenium.First@78aab498]" started-at="2024-04-07T18:00:39 IST" name="setUp" finished-at="2024-04-07T18:00:42 IST" duration-ms="2475" status="PASS">
          <reporter-output>
          </reporter-output>
        </test-method> <!-- setUp -->
        <test-method signature="testNavigateToAboutPage()[pri:0, instance:selenium.First@78aab498]" started-at="2024-04-07T18:00:42 IST" name="testNavigateToAboutPage" finished-at="2024-04-07T18:00:46 IST" duration-ms="4957" status="PASS">
          <reporter-output>
          </reporter-output>
        </test-method> <!-- testNavigateToAboutPage -->
        <test-method is-config="true" signature="tearDown()[pri:0, instance:selenium.First@78aab498]" started-at="2024-04-07T18:00:46 IST" name="tearDown" finished-at="2024-04-07T18:00:47 IST" duration-ms="427" status="PASS">
          <reporter-output>
          </reporter-output>
        </test-method> <!-- tearDown -->
      </class> <!-- selenium.First -->
    </test> <!-- Test -->
  </suite> <!-- Suite -->
</testng-results>
